Arguments: 
  /usr/local/bin/node /usr/local/bin/yarn add @sap/cds/common

PATH: 
  /usr/local/opt/mongodb@3.2/bin:/Users/i058153/.rbenv/shims:/Users/i058153/bin:/usr/local/bin:/usr/bin:/bin:/usr/sbin:/sbin:/opt/X11/bin:/usr/local/opt/mongodb@3.2/bin:/Users/i058153/.rbenv/shims:/Users/i058153/bin

Yarn version: 
  1.13.0

Node version: 
  8.15.0

Platform: 
  darwin x64

Trace: 
  Error: getaddrinfo ENOTFOUND nexus.wdf.sap.corp nexus.wdf.sap.corp:8081
      at GetAddrInfoReqWrap.onlookup [as oncomplete] (dns.js:67:26)

npm manifest: 
  {
    "name": "bookshop",
    "description": "Generated by cds init",
    "repository": "<Add your repository here>",
    "license": "<Add your license here>",
    "version": "1.0.0",
    "engines": {
      "node": "^8.9"
    },
    "files": [
      "srv",
      "db"
    ],
    "dependencies": {
      "@sap/cds": "^3.5.2",
      "express": "^4.16.4"
    },
    "scripts": {
      "start": "cds run",
      "build": "cds build/all --clean",
      "deploy": "cds deploy"
    },
    "cds": {
      "requires": {
        "db": {
          "kind": "sqlite",
          "model": [
            "db",
            "srv"
          ],
          "credentials": {
            "database": "my.db"
          }
        }
      }
    },
    "devDependencies": {
      "sqlite3": "^4.0.6"
    }
  }

yarn manifest: 
  No manifest

Lockfile: 
  No lockfile
